\BOOKMARK [0][-]{chapter*.1}{\376\377\000S\000t\000r\000e\000s\000z\000c\000z\000e\000n\000i\000e}{}% 1
\BOOKMARK [0][-]{chapter*.2}{\376\377\000A\000b\000s\000t\000r\000a\000c\000t}{}% 2
\BOOKMARK [0][-]{chapter*.3}{\376\377\000S\000p\000i\000s\000\040\000t\000r\000e\001\133\000c\000i}{}% 3
\BOOKMARK [0][-]{chapter*.4}{\376\377\000W\000y\000k\000a\000z\000\040\000w\000a\001\174\000n\000i\000e\000j\000s\000z\000y\000c\000h\000\040\000o\000z\000n\000a\000c\000z\000e\001\104\000\040\000i\000\040\000s\000k\000r\000\363\000t\000\363\000w}{}% 4
\BOOKMARK [0][-]{chapter.1}{\376\377\000W\000s\000t\001\031\000p}{}% 5
\BOOKMARK [1][-]{section.1.1}{\376\377\000C\000e\000l\000\040\000p\000r\000a\000c\000y}{chapter.1}% 6
\BOOKMARK [1][-]{section.1.2}{\376\377\000Z\000a\000k\000r\000e\000s\000\040\000p\000r\000a\000c\000y}{chapter.1}% 7
\BOOKMARK [1][-]{section.1.3}{\376\377\000S\000t\000r\000u\000k\000t\000u\000r\000a\000\040\000p\000r\000a\000c\000y}{chapter.1}% 8
\BOOKMARK [0][-]{chapter.2}{\376\377\000W\000p\000r\000o\000w\000a\000d\000z\000e\000n\000i\000e\000\040\000d\000o\000\040\000d\000z\000i\000e\000d\000z\000i\000n\000y}{}% 9
\BOOKMARK [1][-]{section.2.1}{\376\377\000P\000o\000d\000s\000t\000a\000w\000o\000w\000e\000\040\000p\000o\000j\001\031\000c\000i\000a}{chapter.2}% 10
\BOOKMARK [1][-]{section.2.2}{\376\377\000P\000o\000t\000o\000k\000\040\000g\000r\000a\000f\000i\000c\000z\000n\000y}{chapter.2}% 11
\BOOKMARK [1][-]{section.2.3}{\376\377\000P\000o\000t\000o\000k\000\040\000z\000a\000s\000o\000b\000\363\000w}{chapter.2}% 12
\BOOKMARK [1][-]{section.2.4}{\376\377\000V\000u\000l\000k\000a\000n}{chapter.2}% 13
\BOOKMARK [1][-]{section.2.5}{\376\377\000M\000a\000p\000o\000w\000a\000n\000i\000e\000\040\000t\000e\000k\000s\000t\000u\000r}{chapter.2}% 14
\BOOKMARK [0][-]{chapter.3}{\376\377\000T\000e\000c\000h\000n\000o\000l\000o\000g\000i\000e\000,\000\040\000a\000l\000g\000o\000r\000y\000t\000m\000y\000\040\000i\000\040\000n\000a\000r\000z\001\031\000d\000z\000i\000a}{}% 15
\BOOKMARK [1][-]{section.3.1}{\376\377\000U\001\174\000y\000t\000e\000\040\000n\000a\000r\000z\001\031\000d\000z\000i\000a}{chapter.3}% 16
\BOOKMARK [2][-]{subsection.3.1.1}{\376\377\000P\000r\000o\000c\000e\000s\000\040\000b\000u\000d\000o\000w\000a\000n\000i\000a}{section.3.1}% 17
\BOOKMARK [2][-]{subsection.3.1.2}{\376\377\000B\000i\000b\000l\000i\000o\000t\000e\000k\000i\000\040\000z\000e\000w\000n\001\031\000t\000r\000z\000n\000e}{section.3.1}% 18
\BOOKMARK [0][-]{chapter.4}{\376\377\000P\000r\000o\000j\000e\000k\000t\000\040\000s\000y\000s\000t\000e\000m\000u}{}% 19
\BOOKMARK [0][-]{chapter.5}{\376\377\000B\000a\000d\000a\000n\000i\000a}{}% 20
\BOOKMARK [0][-]{chapter.6}{\376\377\000P\000o\000d\000s\000u\000m\000o\000w\000a\000n\000i\000e}{}% 21
\BOOKMARK [0][-]{chapter*.6}{\376\377\000W\000y\000k\000a\000z\000\040\000l\000i\000t\000e\000r\000a\000t\000u\000r\000y}{}% 22
\BOOKMARK [0][-]{chapter*.7}{\376\377\000S\000p\000i\000s\000\040\000r\000y\000s\000u\000n\000k\000\363\000w}{}% 23
\BOOKMARK [0][-]{chapter*.8}{\376\377\000S\000p\000i\000s\000\040\000t\000a\000b\000l\000i\000c}{}% 24
